<?xml version="1.0" encoding="UTF-8"?>
<!-- Generated by org.testng.reporters.JUnitXMLReporter -->
<testsuite ignored="0" hostname="DESKTOP-BMPQ3OV" failures="0" tests="5" name="Default test" time="47.746" errors="0" timestamp="2023-04-11T23:35:36 IST">
  <testcase classname="greens.miniProject.Minitest" name="login" time="2.867"/>
  <testcase classname="greens.miniProject.Minitest" name="login" time="1.508"/>
  <testcase classname="greens.miniProject.Minitest" name="mata" time="7.026"/>
  <testcase classname="greens.miniProject.Minitest" name="nassertbalance" time="0.073"/>
  <testcase classname="greens.miniProject.Minitest" name="validatetransaction" time="4.705"/>
</testsuite> <!-- Default test -->
