<?xml version="1.0" encoding="UTF-8"?>
<!-- Generated by org.testng.reporters.JUnitXMLReporter -->
<testsuite ignored="0" hostname="DESKTOP-BMPQ3OV" failures="0" tests="4" name="Test" time="0.081" errors="0" timestamp="2022-07-25T13:08:46 IST">
  <testcase classname="Vishnuraj.Mavenjava.SeleniumTest" name="browserautomation" time="0.008"/>
  <testcase classname="Vishnuraj.Mavenjava.SeleniumTest" name="elementsui" time="0.001"/>
  <testcase classname="Vishnuraj.Mavenjava.AppiumTest" name="IOSapps" time="0.001"/>
  <testcase classname="Vishnuraj.Mavenjava.AppiumTest" name="NativeAPPandroid" time="0.001"/>
</testsuite> <!-- Test -->
