<?xml version="1.0" encoding="UTF-8"?>
<testng-results ignored="0" total="4" passed="4" failed="0" skipped="0">
  <reporter-output>
  </reporter-output>
  <suite started-at="2022-07-25T13:08:46 IST" name="Suite" finished-at="2022-07-25T13:08:46 IST" duration-ms="81">
    <groups>
    </groups>
    <test started-at="2022-07-25T13:08:46 IST" name="Test" finished-at="2022-07-25T13:08:46 IST" duration-ms="81">
      <class name="Vishnuraj.Mavenjava.SeleniumTest">
        <test-method signature="browserautomation()[pri:0, instance:Vishnuraj.Mavenjava.SeleniumTest@6f96c77]" started-at="2022-07-25T13:08:46 IST" name="browserautomation" finished-at="2022-07-25T13:08:46 IST" duration-ms="8" status="PASS">
          <reporter-output>
          </reporter-output>
        </test-method> <!-- browserautomation -->
        <test-method signature="elementsui()[pri:0, instance:Vishnuraj.Mavenjava.SeleniumTest@6f96c77]" started-at="2022-07-25T13:08:46 IST" name="elementsui" finished-at="2022-07-25T13:08:46 IST" duration-ms="1" status="PASS">
          <reporter-output>
          </reporter-output>
        </test-method> <!-- elementsui -->
      </class> <!-- Vishnuraj.Mavenjava.SeleniumTest -->
      <class name="Vishnuraj.Mavenjava.AppiumTest">
        <test-method signature="IOSapps()[pri:0, instance:Vishnuraj.Mavenjava.AppiumTest@3c130745]" started-at="2022-07-25T13:08:46 IST" name="IOSapps" finished-at="2022-07-25T13:08:46 IST" duration-ms="1" status="PASS">
          <reporter-output>
          </reporter-output>
        </test-method> <!-- IOSapps -->
        <test-method signature="NativeAPPandroid()[pri:0, instance:Vishnuraj.Mavenjava.AppiumTest@3c130745]" started-at="2022-07-25T13:08:46 IST" name="NativeAPPandroid" finished-at="2022-07-25T13:08:46 IST" duration-ms="1" status="PASS">
          <reporter-output>
          </reporter-output>
        </test-method> <!-- NativeAPPandroid -->
      </class> <!-- Vishnuraj.Mavenjava.AppiumTest -->
    </test> <!-- Test -->
  </suite> <!-- Suite -->
</testng-results>
